<?xml version="1.0" encoding="UTF-8"?>
<!-- Generated by org.testng.reporters.JUnitXMLReporter -->
<testsuite hostname="LAPTOP-EKQQF59L" ignored="0" name="Default test" tests="4" failures="0" timestamp="14 May 2017 13:51:50 GMT" time="86.718" errors="0">
  <testcase name="testLoginwithIncorrect" time="12.897" classname="testCases.Framework003"/>
  <testcase name="testLoginwithcorrect" time="4.949" classname="testCases.Framework003"/>
  <testcase name="testMobile" time="4.601" classname="testCases.Framework003"/>
  <testcase name="testCartAdding" time="12.465" classname="testCases.Framework003"/>
</testsuite> <!-- Default test -->
