<?xml version="1.0" encoding="UTF-8"?>
<!-- Generated by org.testng.reporters.JUnitXMLReporter -->
<testsuite hostname="LAPTOP-EKQQF59L" ignored="0" name="Test" tests="3" failures="0" timestamp="13 May 2017 11:53:32 GMT" time="77.097" errors="0">
  <testcase name="testLogin" time="6.241" classname="testCases.Framework003"/>
  <testcase name="testMobile" time="5.921" classname="testCases.Framework003"/>
  <testcase name="testCartAdding" time="13.968" classname="testCases.Framework003"/>
</testsuite> <!-- Test -->
