<?xml version="1.0" encoding="UTF-8"?>
<!-- Generated by org.testng.reporters.JUnitXMLReporter -->
<testsuite hostname="LAPTOP-EKQQF59L" ignored="0" name="Test" tests="4" failures="0" timestamp="14 May 2017 13:43:15 GMT" time="81.097" errors="0">
  <testcase name="testLoginwithIncorrect" time="4.406" classname="testCases.Framework003"/>
  <testcase name="testLoginwithcorrect" time="5.94" classname="testCases.Framework003"/>
  <testcase name="testMobile" time="11.152" classname="testCases.Framework003"/>
  <testcase name="testCartAdding" time="13.668" classname="testCases.Framework003"/>
</testsuite> <!-- Test -->
